2025-11-27 11:19:02,466 - Namespace(data_root='./data/miniImagenet', save_dir='./checkpoints', epochs=100, batch_size=64, lr=0.001, weight_decay=0.0005, seed=42, gpu='0', print_freq=300, n_way=5, n_shot=1, n_query=15, test_episodes=2000, prune_ratios=[10, 50, 90])
2025-11-27 11:19:03,000 - Starting Dense Training...
2025-11-27 11:19:04,540 - Epoch: [0][0/600]	Time 1.539 (1.539)	Data 0.300 (0.300)	Loss 4.3680 (4.3680)	Acc@1 3.125 (3.125)	Acc@5 9.375 (9.375)
2025-11-27 11:21:11,814 - Epoch: [0][300/600]	Time 0.426 (0.428)	Data 0.000 (0.001)	Loss 3.6518 (3.7955)	Acc@1 4.688 (8.534)	Acc@5 23.438 (27.362)
2025-11-27 11:23:22,419 - Epoch: [1][0/600]	Time 0.614 (0.614)	Data 0.451 (0.451)	Loss 3.3074 (3.3074)	Acc@1 15.625 (15.625)	Acc@5 42.188 (42.188)
2025-11-27 11:25:30,551 - Epoch: [1][300/600]	Time 0.426 (0.428)	Data 0.000 (0.002)	Loss 3.4717 (3.4030)	Acc@1 9.375 (15.630)	Acc@5 42.188 (41.056)
2025-11-27 11:27:38,983 - Epoch: [2][0/600]	Time 0.398 (0.398)	Data 0.240 (0.240)	Loss 3.1245 (3.1245)	Acc@1 23.438 (23.438)	Acc@5 51.562 (51.562)
2025-11-27 11:29:38,212 - Epoch: [2][300/600]	Time 0.362 (0.397)	Data 0.000 (0.001)	Loss 2.7810 (3.1423)	Acc@1 28.125 (20.640)	Acc@5 59.375 (49.496)
2025-11-27 11:31:25,041 - Epoch: [3][0/600]	Time 0.429 (0.429)	Data 0.292 (0.292)	Loss 2.5447 (2.5447)	Acc@1 31.250 (31.250)	Acc@5 71.875 (71.875)
2025-11-27 11:33:11,505 - Epoch: [3][300/600]	Time 0.355 (0.355)	Data 0.000 (0.001)	Loss 2.9375 (2.9192)	Acc@1 20.312 (25.322)	Acc@5 62.500 (55.793)
2025-11-27 11:34:58,293 - Epoch: [4][0/600]	Time 0.378 (0.378)	Data 0.230 (0.230)	Loss 2.5773 (2.5773)	Acc@1 26.562 (26.562)	Acc@5 64.062 (64.062)
2025-11-27 11:36:44,736 - Epoch: [4][300/600]	Time 0.354 (0.355)	Data 0.000 (0.001)	Loss 2.9380 (2.7717)	Acc@1 15.625 (28.322)	Acc@5 59.375 (59.837)
2025-11-27 11:38:53,457 - Episode 100/2000: Acc 41.33
2025-11-27 11:39:15,346 - Episode 200/2000: Acc 45.33
2025-11-27 11:39:36,111 - Episode 300/2000: Acc 52.00
2025-11-27 11:39:56,152 - Episode 400/2000: Acc 54.67
2025-11-27 11:40:15,989 - Episode 500/2000: Acc 49.33
2025-11-27 11:40:35,151 - Episode 600/2000: Acc 38.67
2025-11-27 11:40:54,225 - Episode 700/2000: Acc 38.67
2025-11-27 11:41:13,522 - Episode 800/2000: Acc 49.33
2025-11-27 11:41:32,278 - Episode 900/2000: Acc 44.00
2025-11-27 11:41:50,952 - Episode 1000/2000: Acc 45.33
2025-11-27 11:42:09,630 - Episode 1100/2000: Acc 20.00
2025-11-27 11:42:28,248 - Episode 1200/2000: Acc 33.33
2025-11-27 11:42:46,885 - Episode 1300/2000: Acc 28.00
2025-11-27 11:43:05,529 - Episode 1400/2000: Acc 52.00
2025-11-27 11:43:24,438 - Episode 1500/2000: Acc 53.33
2025-11-27 11:43:43,261 - Episode 1600/2000: Acc 30.67
2025-11-27 11:44:01,901 - Episode 1700/2000: Acc 57.33
2025-11-27 11:44:21,280 - Episode 1800/2000: Acc 40.00
2025-11-27 11:44:39,902 - Episode 1900/2000: Acc 49.33
2025-11-27 11:44:58,721 - Episode 2000/2000: Acc 49.33
2025-11-27 11:44:58,739 - Val Acc: 44.68 +/- 0.43
2025-11-27 11:44:59,561 - Epoch: [5][0/600]	Time 0.581 (0.581)	Data 0.441 (0.441)	Loss 2.3691 (2.3691)	Acc@1 31.250 (31.250)	Acc@5 67.188 (67.188)
2025-11-27 11:46:46,054 - Epoch: [5][300/600]	Time 0.356 (0.356)	Data 0.000 (0.002)	Loss 2.5774 (2.6639)	Acc@1 32.812 (31.120)	Acc@5 64.062 (62.131)
2025-11-27 11:48:32,826 - Epoch: [6][0/600]	Time 0.375 (0.375)	Data 0.233 (0.233)	Loss 2.0816 (2.0816)	Acc@1 50.000 (50.000)	Acc@5 75.000 (75.000)
2025-11-27 11:50:19,270 - Epoch: [6][300/600]	Time 0.355 (0.355)	Data 0.000 (0.001)	Loss 2.5818 (2.5387)	Acc@1 34.375 (33.752)	Acc@5 60.938 (65.687)
2025-11-27 11:52:06,119 - Epoch: [7][0/600]	Time 0.386 (0.386)	Data 0.248 (0.248)	Loss 2.6342 (2.6342)	Acc@1 32.812 (32.812)	Acc@5 56.250 (56.250)
2025-11-27 11:53:52,814 - Epoch: [7][300/600]	Time 0.354 (0.356)	Data 0.000 (0.001)	Loss 2.3305 (2.4406)	Acc@1 42.188 (36.047)	Acc@5 67.188 (67.271)
2025-11-27 11:55:39,918 - Epoch: [8][0/600]	Time 0.386 (0.386)	Data 0.252 (0.252)	Loss 2.2467 (2.2467)	Acc@1 37.500 (37.500)	Acc@5 71.875 (71.875)
2025-11-27 11:57:26,419 - Epoch: [8][300/600]	Time 0.356 (0.355)	Data 0.000 (0.001)	Loss 2.2135 (2.3757)	Acc@1 37.500 (37.946)	Acc@5 73.438 (68.833)
2025-11-27 11:59:13,292 - Epoch: [9][0/600]	Time 0.367 (0.367)	Data 0.230 (0.230)	Loss 2.0535 (2.0535)	Acc@1 46.875 (46.875)	Acc@5 75.000 (75.000)
2025-11-27 12:00:59,756 - Epoch: [9][300/600]	Time 0.354 (0.355)	Data 0.000 (0.001)	Loss 2.4469 (2.2824)	Acc@1 35.938 (39.846)	Acc@5 70.312 (70.847)
2025-11-27 12:03:09,396 - Episode 100/2000: Acc 56.00
2025-11-27 12:03:30,614 - Episode 200/2000: Acc 38.67
2025-11-27 12:03:51,430 - Episode 300/2000: Acc 56.00
2025-11-27 12:04:11,687 - Episode 400/2000: Acc 37.33
2025-11-27 12:04:31,431 - Episode 500/2000: Acc 54.67
2025-11-27 12:04:50,775 - Episode 600/2000: Acc 44.00
2025-11-27 12:05:09,791 - Episode 700/2000: Acc 73.33
2025-11-27 12:05:28,557 - Episode 800/2000: Acc 52.00
2025-11-27 12:05:47,256 - Episode 900/2000: Acc 40.00
2025-11-27 12:06:06,207 - Episode 1000/2000: Acc 44.00
2025-11-27 12:06:25,198 - Episode 1100/2000: Acc 57.33
2025-11-27 12:06:43,827 - Episode 1200/2000: Acc 65.33
2025-11-27 12:07:02,411 - Episode 1300/2000: Acc 44.00
2025-11-27 12:07:21,023 - Episode 1400/2000: Acc 46.67
2025-11-27 12:07:39,768 - Episode 1500/2000: Acc 48.00
2025-11-27 12:07:58,376 - Episode 1600/2000: Acc 44.00
2025-11-27 12:08:17,036 - Episode 1700/2000: Acc 29.33
2025-11-27 12:08:35,661 - Episode 1800/2000: Acc 42.67
2025-11-27 12:08:54,267 - Episode 1900/2000: Acc 45.33
2025-11-27 12:09:12,900 - Episode 2000/2000: Acc 52.00
2025-11-27 12:09:12,920 - Val Acc: 49.66 +/- 0.48
2025-11-27 12:09:13,574 - Epoch: [10][0/600]	Time 0.445 (0.445)	Data 0.309 (0.309)	Loss 2.2319 (2.2319)	Acc@1 39.062 (39.062)	Acc@5 65.625 (65.625)
2025-11-27 12:11:00,014 - Epoch: [10][300/600]	Time 0.355 (0.355)	Data 0.000 (0.001)	Loss 2.3298 (2.2489)	Acc@1 35.938 (40.267)	Acc@5 73.438 (71.532)
2025-11-27 12:12:46,823 - Epoch: [11][0/600]	Time 0.394 (0.394)	Data 0.254 (0.254)	Loss 2.3835 (2.3835)	Acc@1 39.062 (39.062)	Acc@5 62.500 (62.500)
2025-11-27 12:14:33,329 - Epoch: [11][300/600]	Time 0.360 (0.355)	Data 0.000 (0.001)	Loss 2.0491 (2.2219)	Acc@1 42.188 (41.798)	Acc@5 71.875 (72.192)
2025-11-27 12:16:20,133 - Epoch: [12][0/600]	Time 0.395 (0.395)	Data 0.252 (0.252)	Loss 2.2385 (2.2385)	Acc@1 43.750 (43.750)	Acc@5 68.750 (68.750)
2025-11-27 12:18:08,878 - Epoch: [12][300/600]	Time 0.356 (0.363)	Data 0.000 (0.001)	Loss 2.1121 (2.1503)	Acc@1 39.062 (43.101)	Acc@5 71.875 (73.261)
2025-11-27 12:20:59,398 - Epoch: [13][0/600]	Time 0.386 (0.386)	Data 0.245 (0.245)	Loss 2.3263 (2.3263)	Acc@1 39.062 (39.062)	Acc@5 67.188 (67.188)
2025-11-27 12:22:45,801 - Epoch: [13][300/600]	Time 0.355 (0.355)	Data 0.000 (0.001)	Loss 2.2766 (2.0885)	Acc@1 32.812 (44.503)	Acc@5 68.750 (74.917)
2025-11-27 12:24:32,559 - Epoch: [14][0/600]	Time 0.374 (0.374)	Data 0.237 (0.237)	Loss 1.9194 (1.9194)	Acc@1 40.625 (40.625)	Acc@5 79.688 (79.688)
